2020-11-06 15:37:07,288 - hio.py -load_csv- 36 - INFO - Loading articles.csv

2020-11-06 15:37:07,721 - extraction.py -sentence- 33 - INFO - Starting to process sentences
2020-11-06 15:37:07,724 - extraction.py -sentence- 51 - INFO - Ner will use lexicon
2020-11-06 15:37:07,983 - extraction.py -sentence- 55 - INFO - Processing sentences
2020-11-06 15:37:08,016 - extraction.py -sentence- 67 - INFO - Sentences have been processed successfully,and there are 100 sentences
2020-11-06 15:37:08,016 - extraction.py -sentence- 68 - INFO - FINISHED! using time : 0 seconds 

2020-11-06 15:37:08,018 - extraction.py -entity- 79 - INFO - Starting to extract entity_mention
2020-11-06 15:37:08,018 - extraction.py -entity- 80 - INFO - Extracting entity_mention
2020-11-06 15:37:08,019 - extraction.py -entity- 91 - INFO - Entities have been extracted successfully, and there are 0  entities
2020-11-06 15:37:08,019 - extraction.py -entity- 92 - INFO - FINISHED! using time : 0 seconds 

2020-11-06 15:37:08,019 - hio.py -save_csv- 47 - INFO - Saving entity.csv

2020-11-06 15:38:31,530 - hio.py -load_csv- 36 - INFO - Loading articles.csv

2020-11-06 15:38:32,469 - extraction.py -sentence- 33 - INFO - Starting to process sentences
2020-11-06 15:39:38,472 - hio.py -load_csv- 36 - INFO - Loading articles.csv

2020-11-06 15:39:40,354 - extraction.py -sentence- 33 - INFO - Starting to process sentences
2020-11-06 15:39:59,010 - extraction.py -sentence- 51 - INFO - Ner will use lexicon
2020-11-06 15:39:59,223 - extraction.py -sentence- 55 - INFO - Processing sentences
2020-11-06 15:39:59,351 - extraction.py -sentence- 67 - INFO - Sentences have been processed successfully,and there are 100 sentences
2020-11-06 15:39:59,351 - extraction.py -sentence- 68 - INFO - FINISHED! using time : 18 seconds 

2020-11-06 15:39:59,352 - extraction.py -entity- 79 - INFO - Starting to extract entity_mention
2020-11-06 15:39:59,352 - extraction.py -entity- 80 - INFO - Extracting entity_mention
2020-11-06 15:39:59,356 - extraction.py -entity- 91 - INFO - Entities have been extracted successfully, and there are 384  entities
2020-11-06 15:39:59,356 - extraction.py -entity- 92 - INFO - FINISHED! using time : 0 seconds 

2020-11-06 15:39:59,356 - hio.py -save_csv- 47 - INFO - Saving entity.csv

2020-11-06 15:42:03,264 - hio.py -load_csv- 36 - INFO - Loading articles.csv

2020-11-06 15:42:05,383 - extraction.py -sentence- 33 - INFO - Starting to process sentences
2020-11-06 15:43:20,123 - extraction.py -sentence- 51 - INFO - Ner will use lexicon
2020-11-06 15:43:20,398 - extraction.py -sentence- 55 - INFO - Processing sentences
2020-11-06 15:43:20,411 - extraction.py -sentence- 67 - INFO - Sentences have been processed successfully,and there are 10 sentences
2020-11-06 15:43:20,411 - extraction.py -sentence- 68 - INFO - FINISHED! using time : 1 minutes 15 seconds 

2020-11-06 15:43:20,412 - extraction.py -entity- 79 - INFO - Starting to extract entity_mention
2020-11-06 15:43:20,412 - extraction.py -entity- 80 - INFO - Extracting entity_mention
2020-11-06 15:43:20,414 - extraction.py -entity- 91 - INFO - Entities have been extracted successfully, and there are 45  entities
2020-11-06 15:43:20,414 - extraction.py -entity- 92 - INFO - FINISHED! using time : 0 seconds 

2020-11-06 15:43:20,414 - hio.py -save_csv- 47 - INFO - Saving entity.csv

2020-11-06 15:45:38,914 - hio.py -load_csv- 36 - INFO - Loading articles.csv

2020-11-06 15:45:40,773 - extraction.py -sentence- 33 - INFO - Starting to process sentences
2020-11-06 15:46:49,603 - extraction.py -sentence- 51 - INFO - Ner will use lexicon
2020-11-06 15:46:49,797 - extraction.py -sentence- 55 - INFO - Processing sentences
2020-11-06 15:46:49,815 - extraction.py -sentence- 67 - INFO - Sentences have been processed successfully,and there are 10 sentences
2020-11-06 15:46:49,815 - extraction.py -sentence- 68 - INFO - FINISHED! using time : 1 minutes 9 seconds 

2020-11-06 15:46:49,816 - extraction.py -entity- 79 - INFO - Starting to extract entity_mention
2020-11-06 15:46:49,816 - extraction.py -entity- 80 - INFO - Extracting entity_mention
2020-11-06 15:46:49,817 - extraction.py -entity- 91 - INFO - Entities have been extracted successfully, and there are 46  entities
2020-11-06 15:46:49,818 - extraction.py -entity- 92 - INFO - FINISHED! using time : 0 seconds 

2020-11-06 15:46:49,818 - hio.py -save_csv- 47 - INFO - Saving entity.csv

2020-11-06 15:46:59,701 - hio.py -load_csv- 36 - INFO - Loading articles.csv

2020-11-06 15:47:00,113 - extraction.py -sentence- 33 - INFO - Starting to process sentences
2020-11-06 15:47:01,051 - extraction.py -sentence- 51 - INFO - Ner will use lexicon
2020-11-06 15:47:01,238 - extraction.py -sentence- 55 - INFO - Processing sentences
2020-11-06 15:47:01,250 - extraction.py -sentence- 67 - INFO - Sentences have been processed successfully,and there are 10 sentences
2020-11-06 15:47:01,250 - extraction.py -sentence- 68 - INFO - FINISHED! using time : 1 seconds 

2020-11-06 15:47:01,251 - extraction.py -entity- 79 - INFO - Starting to extract entity_mention
2020-11-06 15:47:01,251 - extraction.py -entity- 80 - INFO - Extracting entity_mention
2020-11-06 15:47:01,253 - extraction.py -entity- 91 - INFO - Entities have been extracted successfully, and there are 46  entities
2020-11-06 15:47:01,253 - extraction.py -entity- 92 - INFO - FINISHED! using time : 0 seconds 

2020-11-06 15:47:01,253 - hio.py -save_csv- 47 - INFO - Saving entity.csv

2020-11-06 15:47:33,184 - hio.py -load_csv- 36 - INFO - Loading articles.csv

2020-11-06 15:47:33,640 - extraction.py -sentence- 33 - INFO - Starting to process sentences
2020-11-06 15:47:55,789 - extraction.py -sentence- 51 - INFO - Ner will use lexicon
2020-11-06 15:47:55,994 - extraction.py -sentence- 55 - INFO - Processing sentences
2020-11-06 15:47:56,014 - extraction.py -sentence- 67 - INFO - Sentences have been processed successfully,and there are 10 sentences
2020-11-06 15:47:56,014 - extraction.py -sentence- 68 - INFO - FINISHED! using time : 22 seconds 

2020-11-06 15:47:56,015 - extraction.py -entity- 79 - INFO - Starting to extract entity_mention
2020-11-06 15:47:56,015 - extraction.py -entity- 80 - INFO - Extracting entity_mention
2020-11-06 15:47:56,017 - extraction.py -entity- 91 - INFO - Entities have been extracted successfully, and there are 45  entities
2020-11-06 15:47:56,017 - extraction.py -entity- 92 - INFO - FINISHED! using time : 0 seconds 

2020-11-06 15:47:56,018 - hio.py -save_csv- 47 - INFO - Saving entity.csv

2020-11-06 15:48:38,086 - hio.py -load_csv- 36 - INFO - Loading articles.csv

2020-11-06 15:48:38,491 - extraction.py -sentence- 33 - INFO - Starting to process sentences
2020-11-06 15:49:12,459 - extraction.py -sentence- 51 - INFO - Ner will use lexicon
2020-11-06 15:49:12,693 - extraction.py -sentence- 55 - INFO - Processing sentences
2020-11-06 15:49:12,713 - extraction.py -sentence- 67 - INFO - Sentences have been processed successfully,and there are 10 sentences
2020-11-06 15:49:12,714 - extraction.py -sentence- 68 - INFO - FINISHED! using time : 34 seconds 

2020-11-06 15:49:12,715 - extraction.py -entity- 79 - INFO - Starting to extract entity_mention
2020-11-06 15:49:12,715 - extraction.py -entity- 80 - INFO - Extracting entity_mention
2020-11-06 15:49:12,717 - extraction.py -entity- 91 - INFO - Entities have been extracted successfully, and there are 46  entities
2020-11-06 15:49:12,717 - extraction.py -entity- 92 - INFO - FINISHED! using time : 0 seconds 

2020-11-06 15:49:12,717 - hio.py -save_csv- 47 - INFO - Saving entity.csv

2020-11-06 15:58:42,335 - hio.py -load_csv- 36 - INFO - Loading articles.csv

2020-11-06 15:58:42,870 - extraction.py -sentence- 33 - INFO - Starting to process sentences
2020-11-06 15:59:52,152 - extraction.py -sentence- 51 - INFO - Ner will use lexicon
2020-11-06 15:59:52,359 - extraction.py -sentence- 55 - INFO - Processing sentences
2020-11-06 15:59:52,373 - extraction.py -sentence- 67 - INFO - Sentences have been processed successfully,and there are 10 sentences
2020-11-06 15:59:52,373 - extraction.py -sentence- 68 - INFO - FINISHED! using time : 1 minutes 9 seconds 

2020-11-06 15:59:52,373 - extraction.py -entity- 79 - INFO - Starting to extract entity_mention
2020-11-06 15:59:52,374 - extraction.py -entity- 80 - INFO - Extracting entity_mention
2020-11-06 15:59:52,375 - extraction.py -entity- 91 - INFO - Entities have been extracted successfully, and there are 46  entities
2020-11-06 15:59:52,375 - extraction.py -entity- 92 - INFO - FINISHED! using time : 0 seconds 

2020-11-06 15:59:52,376 - hio.py -save_csv- 47 - INFO - Saving entity.csv

2020-11-06 16:03:13,071 - hio.py -load_csv- 36 - INFO - Loading articles.csv

2020-11-06 16:03:13,488 - extraction.py -sentence- 33 - INFO - Starting to process sentences
2020-11-06 16:04:20,534 - extraction.py -sentence- 51 - INFO - Ner will use lexicon
2020-11-06 16:04:20,852 - extraction.py -sentence- 55 - INFO - Processing sentences
2020-11-06 16:04:20,877 - extraction.py -sentence- 67 - INFO - Sentences have been processed successfully,and there are 10 sentences
2020-11-06 16:04:20,877 - extraction.py -sentence- 68 - INFO - FINISHED! using time : 1 minutes 7 seconds 

2020-11-06 16:04:20,877 - extraction.py -entity- 79 - INFO - Starting to extract entity_mention
2020-11-06 16:04:20,877 - extraction.py -entity- 80 - INFO - Extracting entity_mention
2020-11-06 16:04:20,879 - extraction.py -entity- 90 - INFO - Entities have been extracted successfully, and there are 46  entities
2020-11-06 16:04:20,879 - extraction.py -entity- 91 - INFO - FINISHED! using time : 0 seconds 

2020-11-06 16:04:20,879 - hio.py -save_csv- 47 - INFO - Saving entity.csv

2020-11-06 16:06:43,518 - hio.py -load_csv- 36 - INFO - Loading articles.csv

2020-11-06 16:06:45,174 - extraction.py -sentence- 33 - INFO - Starting to process sentences
2020-11-06 16:08:02,128 - extraction.py -sentence- 51 - INFO - Ner will use lexicon
2020-11-06 16:08:02,383 - extraction.py -sentence- 55 - INFO - Processing sentences
2020-11-06 16:08:02,395 - extraction.py -sentence- 67 - INFO - Sentences have been processed successfully,and there are 1 sentences
2020-11-06 16:08:02,395 - extraction.py -sentence- 68 - INFO - FINISHED! using time : 1 minutes 17 seconds 

2020-11-06 16:08:02,395 - extraction.py -entity- 79 - INFO - Starting to extract entity_mention
2020-11-06 16:08:02,396 - extraction.py -entity- 80 - INFO - Extracting entity_mention
2020-11-06 16:08:02,397 - extraction.py -entity- 90 - INFO - Entities have been extracted successfully, and there are 4  entities
2020-11-06 16:08:02,397 - extraction.py -entity- 91 - INFO - FINISHED! using time : 0 seconds 

2020-11-06 16:08:02,397 - hio.py -save_csv- 47 - INFO - Saving entity.csv

2020-11-06 16:09:29,876 - hio.py -load_csv- 36 - INFO - Loading articles.csv

2020-11-06 16:09:32,148 - extraction.py -sentence- 33 - INFO - Starting to process sentences
2020-11-06 16:10:43,881 - extraction.py -sentence- 51 - INFO - Ner will use lexicon
2020-11-06 16:10:44,163 - extraction.py -sentence- 55 - INFO - Processing sentences
2020-11-06 16:10:44,171 - extraction.py -sentence- 67 - INFO - Sentences have been processed successfully,and there are 1 sentences
2020-11-06 16:10:44,171 - extraction.py -sentence- 68 - INFO - FINISHED! using time : 1 minutes 12 seconds 

2020-11-06 16:10:44,171 - extraction.py -entity- 79 - INFO - Starting to extract entity_mention
2020-11-06 16:10:44,172 - extraction.py -entity- 80 - INFO - Extracting entity_mention
2020-11-06 16:10:44,173 - extraction.py -entity- 90 - INFO - Entities have been extracted successfully, and there are 4  entities
2020-11-06 16:10:44,173 - extraction.py -entity- 91 - INFO - FINISHED! using time : 0 seconds 

2020-11-06 16:10:44,173 - hio.py -save_csv- 47 - INFO - Saving entity.csv

2020-11-06 16:13:35,430 - hio.py -load_csv- 36 - INFO - Loading articles.csv

2020-11-06 16:13:35,943 - extraction.py -sentence- 33 - INFO - Starting to process sentences
2020-11-06 16:13:45,501 - extraction.py -sentence- 51 - INFO - Ner will use lexicon
2020-11-06 16:13:45,712 - extraction.py -sentence- 55 - INFO - Processing sentences
2020-11-06 16:13:45,714 - extraction.py -sentence- 67 - INFO - Sentences have been processed successfully,and there are 1 sentences
2020-11-06 16:13:45,714 - extraction.py -sentence- 68 - INFO - FINISHED! using time : 9 seconds 

2020-11-06 16:13:45,715 - extraction.py -entity- 79 - INFO - Starting to extract entity_mention
2020-11-06 16:13:45,715 - extraction.py -entity- 80 - INFO - Extracting entity_mention
2020-11-06 16:13:45,716 - extraction.py -entity- 90 - INFO - Entities have been extracted successfully, and there are 4  entities
2020-11-06 16:13:45,716 - extraction.py -entity- 91 - INFO - FINISHED! using time : 0 seconds 

2020-11-06 16:13:45,717 - hio.py -save_csv- 47 - INFO - Saving entity.csv

2020-11-06 16:15:06,496 - hio.py -load_csv- 36 - INFO - Loading articles.csv

2020-11-06 16:15:06,937 - extraction.py -sentence- 33 - INFO - Starting to process sentences
2020-11-06 16:16:01,421 - extraction.py -sentence- 51 - INFO - Ner will use lexicon
2020-11-06 16:16:01,648 - extraction.py -sentence- 55 - INFO - Processing sentences
2020-11-06 16:16:01,650 - extraction.py -sentence- 67 - INFO - Sentences have been processed successfully,and there are 1 sentences
2020-11-06 16:16:01,651 - extraction.py -sentence- 68 - INFO - FINISHED! using time : 54 seconds 

2020-11-06 16:16:01,651 - extraction.py -entity- 79 - INFO - Starting to extract entity_mention
2020-11-06 16:16:01,652 - extraction.py -entity- 80 - INFO - Extracting entity_mention
2020-11-06 16:16:01,654 - extraction.py -entity- 90 - INFO - Entities have been extracted successfully, and there are 4  entities
2020-11-06 16:16:01,654 - extraction.py -entity- 91 - INFO - FINISHED! using time : 0 seconds 

2020-11-06 16:16:01,654 - hio.py -save_csv- 47 - INFO - Saving entity.csv

2020-11-06 16:42:47,406 - hio.py -load_csv- 36 - INFO - Loading articles.csv

2020-11-06 16:42:47,855 - extraction.py -sentence- 33 - INFO - Starting to process sentences
2020-11-06 16:42:57,501 - extraction.py -sentence- 51 - INFO - Ner will use lexicon
2020-11-06 16:42:57,530 - extraction.py -sentence- 55 - INFO - Processing sentences
2020-11-06 16:42:57,535 - extraction.py -sentence- 67 - INFO - Sentences have been processed successfully,and there are 1 sentences
2020-11-06 16:42:57,535 - extraction.py -sentence- 68 - INFO - FINISHED! using time : 9 seconds 

2020-11-06 16:42:57,536 - extraction.py -entity- 79 - INFO - Starting to extract entity_mention
2020-11-06 16:42:57,536 - extraction.py -entity- 80 - INFO - Extracting entity_mention
2020-11-06 16:42:57,538 - extraction.py -entity- 90 - INFO - Entities have been extracted successfully, and there are 4  entities
2020-11-06 16:42:57,538 - extraction.py -entity- 91 - INFO - FINISHED! using time : 0 seconds 

2020-11-06 16:42:57,538 - hio.py -save_csv- 47 - INFO - Saving entity.csv

